<?xml version="1.0" encoding="UTF-8"?>
<testsuite xmlns:xsi="http://www.w3.org/2001/XMLSchema-instance" xsi:noNamespaceSchemaLocation="https://maven.apache.org/surefire/maven-surefire-plugin/xsd/surefire-test-report-3.0.xsd" version="3.0" name="com.BeanFactory.beanFactory.BeanFactoryApplicationTests" time="3.068" tests="1" errors="0" skipped="0" failures="0">
  <properties>
[...]
</properties>
  <testcase name="contextLoads" classname="com.BeanFactory.beanFactory.BeanFactoryApplicationTests" time="1.302">
    <system-out><![CDATA[20:59:32.084 [main] INFO org.springframework.test.context.support.AnnotationConfigContextLoaderUtils -- Could not detect default configuration classes for test class [com.BeanFactory.beanFactory.BeanFactoryApplicationTests]: BeanFactoryApplicationTests does not declare any static, non-private, non-final, nested classes annotated with @Configuration.
20:59:32.231 [main] INFO org.springframework.boot.test.context.SpringBootTestContextBootstrapper -- Found @SpringBootConfiguration com.BeanFactory.beanFactory.BeanFactoryApplication for test class com.BeanFactory.beanFactory.BeanFactoryApplicationTests

  .   ____          _            __ _ _
 /\\ / ___'_ __ _ _(_)_ __  __ _ \ \ \ \
( ( )\___ | '_ | '_| | '_ \/ _` | \ \ \ \
 \\/  ___)| |_)| | | | | || (_| |  ) ) ) )
  '  |____| .__|_| |_|_| |_\__, | / / / /
 =========|_|==============|___/=/_/_/_/

 :: Spring Boot ::                (v3.3.1)

2024-07-17T20:59:32.840+05:30  INFO 11456 --- [beanFactory] [           main] c.B.b.BeanFactoryApplicationTests        : Starting BeanFactoryApplicationTests using Java 17.0.10 with PID 11456 (started by Acer in C:\Users\Acer\Downloads\beanFactory\beanFactory)
2024-07-17T20:59:32.844+05:30  INFO 11456 --- [beanFactory] [           main] c.B.b.BeanFactoryApplicationTests        : No active profile set, falling back to 1 default profile: "default"
2024-07-17T20:59:33.562+05:30  INFO 11456 --- [beanFactory] [           main] c.B.b.BeanFactoryApplicationTests        : Started BeanFactoryApplicationTests in 1.087 seconds (process running for 2.488)
]]></system-out>
  </testcase>
</testsuite>